<?xml version="1.0" encoding="UTF-8"?>
<!-- Generated by org.testng.reporters.JUnitXMLReporter -->
<testsuite ignored="0" hostname="Ummigadu" failures="0" tests="6" name="Test Runner2" time="0.055" errors="0" timestamp="2024-11-06T12:54:19 IST">
  <testcase classname="distributedParallel_testng.Test4" name="demo1" time="0.009"/>
  <testcase classname="distributedParallel_testng.Test4" name="demo2" time="0.002"/>
  <testcase classname="distributedParallel_testng.Test4" name="demo3" time="0.002"/>
  <testcase classname="distributedParallel_testng.Test3" name="demo1" time="0.002"/>
  <testcase classname="distributedParallel_testng.Test3" name="demo2" time="0.002"/>
  <testcase classname="distributedParallel_testng.Test3" name="demo3" time="0.0"/>
</testsuite> <!-- Test Runner2 -->
