<?xml version="1.0" encoding="UTF-8"?>
<!-- Generated by org.testng.reporters.JUnitXMLReporter -->
<testsuite ignored="0" hostname="Ummigadu" failures="0" tests="6" name="Test Runner3" time="0.058" errors="0" timestamp="2024-11-06T12:54:19 IST">
  <testcase classname="distributedParallel_testng.Test5" name="demo1" time="0.009"/>
  <testcase classname="distributedParallel_testng.Test5" name="demo2" time="0.004"/>
  <testcase classname="distributedParallel_testng.Test5" name="demo3" time="0.002"/>
  <testcase classname="distributedParallel_testng.Test6" name="demo1" time="0.002"/>
  <testcase classname="distributedParallel_testng.Test6" name="demo2" time="0.002"/>
  <testcase classname="distributedParallel_testng.Test6" name="demo3" time="0.001"/>
</testsuite> <!-- Test Runner3 -->
