<?xml version="1.0" encoding="UTF-8"?>
<!-- Generated by org.testng.reporters.JUnitXMLReporter -->
<testsuite ignored="0" hostname="Ummigadu" failures="0" tests="6" name="Test Runner1" time="0.053" errors="0" timestamp="2024-11-06T12:54:19 IST">
  <testcase classname="distributedParallel_testng.Test2" name="demo1" time="0.009"/>
  <testcase classname="distributedParallel_testng.Test2" name="demo2" time="0.003"/>
  <testcase classname="distributedParallel_testng.Test2" name="demo3" time="0.001"/>
  <testcase classname="distributedParallel_testng.Test1" name="demo1" time="0.002"/>
  <testcase classname="distributedParallel_testng.Test1" name="demo2" time="0.002"/>
  <testcase classname="distributedParallel_testng.Test1" name="demo3" time="0.002"/>
</testsuite> <!-- Test Runner1 -->
