<?xml version="1.0" encoding="UTF-8"?>
<testng-results ignored="0" total="2" passed="0" failed="1" skipped="1">
  <reporter-output>
    <line>
      <![CDATA[BeforeSuite]]>
    </line>
    <line>
      <![CDATA[@BeforeTest]]>
    </line>
    <line>
      <![CDATA[@BeforeClass]]>
    </line>
    <line>
      <![CDATA[@BeforeMethod]]>
    </line>
    <line>
      <![CDATA[Testing the method]]>
    </line>
    <line>
      <![CDATA[@AfterMethod]]>
    </line>
    <line>
      <![CDATA[@AfterClass]]>
    </line>
    <line>
      <![CDATA[@AfterTest]]>
    </line>
    <line>
      <![CDATA[@AfterSuite]]>
    </line>
  </reporter-output>
  <suite started-at="2024-11-09T12:26:55 IST" name="Suite" finished-at="2024-11-09T12:26:55 IST" duration-ms="37">
    <groups>
    </groups>
    <test started-at="2024-11-09T12:26:55 IST" name="Test" finished-at="2024-11-09T12:26:55 IST" duration-ms="37">
      <class name="listeners_testng.Testclass">
        <test-method is-config="true" signature="suiteConfig()[pri:0, instance:listeners_testng.Testclass@47eaca72]" started-at="2024-11-09T12:26:55 IST" name="suiteConfig" finished-at="2024-11-09T12:26:55 IST" duration-ms="6" status="PASS">
          <reporter-output>
            <line>
              <![CDATA[BeforeSuite]]>
            </line>
          </reporter-output>
        </test-method> <!-- suiteConfig -->
        <test-method is-config="true" signature="BeforeTest()[pri:0, instance:listeners_testng.Testclass@47eaca72]" started-at="2024-11-09T12:26:55 IST" name="BeforeTest" finished-at="2024-11-09T12:26:55 IST" duration-ms="1" status="PASS">
          <reporter-output>
            <line>
              <![CDATA[@BeforeTest]]>
            </line>
          </reporter-output>
        </test-method> <!-- BeforeTest -->
        <test-method is-config="true" signature="BeforeClass()[pri:0, instance:listeners_testng.Testclass@47eaca72]" started-at="2024-11-09T12:26:55 IST" name="BeforeClass" finished-at="2024-11-09T12:26:55 IST" duration-ms="0" status="PASS">
          <reporter-output>
            <line>
              <![CDATA[@BeforeClass]]>
            </line>
          </reporter-output>
        </test-method> <!-- BeforeClass -->
        <test-method is-config="true" signature="BeforeMethod()[pri:0, instance:listeners_testng.Testclass@47eaca72]" started-at="2024-11-09T12:26:55 IST" name="BeforeMethod" finished-at="2024-11-09T12:26:55 IST" duration-ms="0" status="PASS">
          <reporter-output>
            <line>
              <![CDATA[@BeforeMethod]]>
            </line>
          </reporter-output>
        </test-method> <!-- BeforeMethod -->
        <test-method signature="test1()[pri:0, instance:listeners_testng.Testclass@47eaca72]" started-at="2024-11-09T12:26:55 IST" name="test1" finished-at="2024-11-09T12:26:55 IST" duration-ms="7" status="FAIL">
          <exception class="java.lang.AssertionError">
            <message>
              <![CDATA[null]]>
            </message>
            <full-stacktrace>
              <![CDATA[java.lang.AssertionError: null
at org.testng.Assert.fail(Assert.java:99)
at org.testng.Assert.fail(Assert.java:106)
at listeners_testng.Testclass.test1(Testclass.java:15)
at java.base/jdk.internal.reflect.DirectMethodHandleAccessor.invoke(DirectMethodHandleAccessor.java:103)
at java.base/java.lang.reflect.Method.invoke(Method.java:580)
at org.testng.internal.MethodInvocationHelper.invokeMethod(MethodInvocationHelper.java:133)
at org.testng.internal.TestInvoker.invokeMethod(TestInvoker.java:598)
at org.testng.internal.TestInvoker.invokeTestMethod(TestInvoker.java:173)
at org.testng.internal.MethodRunner.runInSequence(MethodRunner.java:46)
at org.testng.internal.TestInvoker$MethodInvocationAgent.invoke(TestInvoker.java:824)
at org.testng.internal.TestInvoker.invokeTestMethods(TestInvoker.java:146)
at org.testng.internal.TestMethodWorker.invokeTestMethods(TestMethodWorker.java:146)
at org.testng.internal.TestMethodWorker.run(TestMethodWorker.java:128)
at java.base/java.util.ArrayList.forEach(ArrayList.java:1597)
at org.testng.TestRunner.privateRun(TestRunner.java:794)
at org.testng.TestRunner.run(TestRunner.java:596)
at org.testng.SuiteRunner.runTest(SuiteRunner.java:377)
at org.testng.SuiteRunner.runSequentially(SuiteRunner.java:371)
at org.testng.SuiteRunner.privateRun(SuiteRunner.java:332)
at org.testng.SuiteRunner.run(SuiteRunner.java:276)
at org.testng.SuiteRunnerWorker.runSuite(SuiteRunnerWorker.java:53)
at org.testng.SuiteRunnerWorker.run(SuiteRunnerWorker.java:96)
at org.testng.TestNG.runSuitesSequentially(TestNG.java:1212)
at org.testng.TestNG.runSuitesLocally(TestNG.java:1134)
at org.testng.TestNG.runSuites(TestNG.java:1063)
at org.testng.TestNG.run(TestNG.java:1031)
at org.testng.remote.AbstractRemoteTestNG.run(AbstractRemoteTestNG.java:115)
at org.testng.remote.RemoteTestNG.initAndRun(RemoteTestNG.java:293)
at org.testng.remote.RemoteTestNG.main(RemoteTestNG.java:91)
]]>
            </full-stacktrace>
          </exception> <!-- java.lang.AssertionError -->
          <reporter-output>
            <line>
              <![CDATA[Testing the method]]>
            </line>
          </reporter-output>
        </test-method> <!-- test1 -->
        <test-method is-config="true" signature="AfterMethod()[pri:0, instance:listeners_testng.Testclass@47eaca72]" started-at="2024-11-09T12:26:55 IST" name="AfterMethod" finished-at="2024-11-09T12:26:55 IST" duration-ms="0" status="PASS">
          <reporter-output>
            <line>
              <![CDATA[@AfterMethod]]>
            </line>
          </reporter-output>
        </test-method> <!-- AfterMethod -->
        <test-method signature="test()[pri:0, instance:listeners_testng.Testclass@47eaca72]" started-at="2024-11-09T12:26:55 IST" name="test" finished-at="2024-11-09T12:26:55 IST" depends-on-methods="listeners_testng.Testclass.test1" duration-ms="0" status="SKIP">
          <exception class="java.lang.Throwable">
            <message>
              <![CDATA[Method Testclass.test()[pri:0, instance:listeners_testng.Testclass@47eaca72] depends on not successfully finished methods]]>
            </message>
            <full-stacktrace>
              <![CDATA[java.lang.Throwable: Method Testclass.test()[pri:0, instance:listeners_testng.Testclass@47eaca72] depends on not successfully finished methods
at org.testng.internal.TestInvoker.invokeTestMethods(TestInvoker.java:102)
at org.testng.internal.TestMethodWorker.invokeTestMethods(TestMethodWorker.java:146)
at org.testng.internal.TestMethodWorker.run(TestMethodWorker.java:128)
at java.base/java.util.ArrayList.forEach(ArrayList.java:1597)
at org.testng.TestRunner.privateRun(TestRunner.java:794)
at org.testng.TestRunner.run(TestRunner.java:596)
at org.testng.SuiteRunner.runTest(SuiteRunner.java:377)
at org.testng.SuiteRunner.runSequentially(SuiteRunner.java:371)
at org.testng.SuiteRunner.privateRun(SuiteRunner.java:332)
at org.testng.SuiteRunner.run(SuiteRunner.java:276)
at org.testng.SuiteRunnerWorker.runSuite(SuiteRunnerWorker.java:53)
at org.testng.SuiteRunnerWorker.run(SuiteRunnerWorker.java:96)
at org.testng.TestNG.runSuitesSequentially(TestNG.java:1212)
at org.testng.TestNG.runSuitesLocally(TestNG.java:1134)
at org.testng.TestNG.runSuites(TestNG.java:1063)
at org.testng.TestNG.run(TestNG.java:1031)
at org.testng.remote.AbstractRemoteTestNG.run(AbstractRemoteTestNG.java:115)
at org.testng.remote.RemoteTestNG.initAndRun(RemoteTestNG.java:293)
at org.testng.remote.RemoteTestNG.main(RemoteTestNG.java:91)
]]>
            </full-stacktrace>
          </exception> <!-- java.lang.Throwable -->
          <reporter-output>
          </reporter-output>
        </test-method> <!-- test -->
        <test-method is-config="true" signature="AfterClass()[pri:0, instance:listeners_testng.Testclass@47eaca72]" started-at="2024-11-09T12:26:55 IST" name="AfterClass" finished-at="2024-11-09T12:26:55 IST" duration-ms="1" status="PASS">
          <reporter-output>
            <line>
              <![CDATA[@AfterClass]]>
            </line>
          </reporter-output>
        </test-method> <!-- AfterClass -->
        <test-method is-config="true" signature="AfterTest()[pri:0, instance:listeners_testng.Testclass@47eaca72]" started-at="2024-11-09T12:26:55 IST" name="AfterTest" finished-at="2024-11-09T12:26:55 IST" duration-ms="0" status="PASS">
          <reporter-output>
            <line>
              <![CDATA[@AfterTest]]>
            </line>
          </reporter-output>
        </test-method> <!-- AfterTest -->
        <test-method is-config="true" signature="AfterSuite()[pri:0, instance:listeners_testng.Testclass@47eaca72]" started-at="2024-11-09T12:26:55 IST" name="AfterSuite" finished-at="2024-11-09T12:26:55 IST" duration-ms="0" status="PASS">
          <reporter-output>
            <line>
              <![CDATA[@AfterSuite]]>
            </line>
          </reporter-output>
        </test-method> <!-- AfterSuite -->
      </class> <!-- listeners_testng.Testclass -->
    </test> <!-- Test -->
  </suite> <!-- Suite -->
</testng-results>
